\BOOKMARK [1][-]{section.1}{\376\377\000P\000u\000r\000p\000o\000s\000e}{}% 1
\BOOKMARK [1][-]{section.2}{\376\377\000T\000e\000r\000n\000a\000r\000y\000\040\000C\000o\000m\000p\000u\000t\000i\000n\000g\000\040\000H\000a\000r\000d\000w\000a\000r\000e}{}% 2
\BOOKMARK [2][-]{subsection.2.1}{\376\377\000H\000u\000a\000w\000e\000i\000\040\000T\000e\000r\000n\000a\000r\000y\000\040\000L\000o\000g\000i\000c\000\040\000G\000a\000t\000e\000\040\000\050\0002\0000\0002\0005\000\051}{section.2}% 3
\BOOKMARK [2][-]{subsection.2.2}{\376\377\0005\0005\0000\0000\000F\000P\000\040\000T\000e\000r\000n\000a\000r\000y\000\040\000R\000I\000S\000C\000\040\000P\000r\000o\000c\000e\000s\000s\000o\000r\000\040\000\050\0002\0000\0002\0006\000\051}{section.2}% 4
\BOOKMARK [2][-]{subsection.2.3}{\376\377\000M\000i\000c\000r\000o\000s\000o\000f\000t\000\040\000B\000i\000t\000N\000e\000t\000\040\000b\0001\000.\0005\0008\000\040\000\050\0002\0000\0002\0004\040\023\0002\0000\0002\0006\000\051}{section.2}% 5
\BOOKMARK [2][-]{subsection.2.4}{\376\377\000T\000C\000N\000-\000C\000U\000T\000I\000E\000\040\000/\000\040\000C\000U\000T\000I\000E\000\040\000\050\000E\000T\000H\000\040\000Z\000u\000r\000i\000c\000h\000,\000\040\0002\0000\0002\0002\000\051}{section.2}% 6
\BOOKMARK [2][-]{subsection.2.5}{\376\377\000T\000e\000r\000E\000f\000f\000i\000c\000\040\000\050\0002\0000\0002\0005\000\051}{section.2}% 7
\BOOKMARK [2][-]{subsection.2.6}{\376\377\000T\000i\000n\000y\000\040\000T\000a\000p\000e\000o\000u\000t\000\040\000B\000a\000l\000a\000n\000c\000e\000d\000\040\000T\000e\000r\000n\000a\000r\000y\000\040\000C\000a\000l\000c\000u\000l\000a\000t\000o\000r\000\040\000\050\000U\000S\000N\000\040\000G\000r\000o\000u\000p\000\051}{section.2}% 8
\BOOKMARK [2][-]{subsection.2.7}{\376\377\000C\000a\000r\000b\000o\000n\000\040\000N\000a\000n\000o\000t\000u\000b\000e\000\040\000T\000e\000r\000n\000a\000r\000y\000\040\000L\000o\000g\000i\000c\000\040\000\050\000S\000c\000i\000e\000n\000c\000e\000\040\000A\000d\000v\000a\000n\000c\000e\000s\000,\000\040\000J\000a\000n\000\040\0002\0000\0002\0005\000\051}{section.2}% 9
\BOOKMARK [2][-]{subsection.2.8}{\376\377\000U\000S\000N\000\040\000T\000e\000r\000n\000a\000r\000y\000\040\000R\000e\000s\000e\000a\000r\000c\000h\000\040\000G\000r\000o\000u\000p\000\040\000\050\000U\000n\000i\000v\000.\000\040\000o\000f\000\040\000S\000o\000u\000t\000h\000-\000E\000a\000s\000t\000e\000r\000n\000\040\000N\000o\000r\000w\000a\000y\000\051}{section.2}% 10
\BOOKMARK [2][-]{subsection.2.9}{\376\377\000H\000i\000s\000t\000o\000r\000i\000c\000a\000l\000:\000\040\000S\000e\000t\000u\000n\000\040\000\050\000M\000o\000s\000c\000o\000w\000\040\000S\000t\000a\000t\000e\000\040\000U\000n\000i\000v\000e\000r\000s\000i\000t\000y\000,\000\040\0001\0009\0005\0008\000\051}{section.2}% 11
\BOOKMARK [2][-]{subsection.2.10}{\376\377\000T\000C\000A\000M\000\040\000\050\000C\000i\000s\000c\000o\000,\000\040\000B\000r\000o\000a\000d\000c\000o\000m\000\040\040\024\000\040\000P\000r\000o\000d\000u\000c\000t\000i\000o\000n\000\051}{section.2}% 12
\BOOKMARK [2][-]{subsection.2.11}{\376\377\000T\000h\000r\000e\000e\000\040\000G\000e\000n\000e\000r\000a\000t\000i\000o\000n\000s\000\040\000o\000f\000\040\000T\000e\000r\000n\000a\000r\000y}{section.2}% 13
\BOOKMARK [1][-]{section.3}{\376\377\000C\000l\000o\000c\000k\000l\000e\000s\000s\000\040\000/\000\040\000A\000s\000y\000n\000c\000h\000r\000o\000n\000o\000u\000s\000\040\000P\000e\000r\000c\000e\000p\000t\000i\000o\000n\000\040\000H\000a\000r\000d\000w\000a\000r\000e}{}% 14
\BOOKMARK [2][-]{subsection.3.1}{\376\377\000I\000n\000t\000e\000l\000\040\000L\000o\000i\000h\000i\000\040\0002}{section.3}% 15
\BOOKMARK [2][-]{subsection.3.2}{\376\377\000B\000r\000a\000i\000n\000C\000h\000i\000p\000\040\000A\000k\000i\000d\000a\000\040\000\050\000A\000K\000D\0001\0005\0000\0000\000\051}{section.3}% 16
\BOOKMARK [2][-]{subsection.3.3}{\376\377\000S\000p\000i\000N\000N\000a\000k\000e\000r\0002\000\040\000\050\000T\000U\000\040\000D\000r\000e\000s\000d\000e\000n\000\051}{section.3}% 17
\BOOKMARK [2][-]{subsection.3.4}{\376\377\000P\000r\000o\000p\000h\000e\000s\000e\000e\000\040\000G\000e\000n\000X\0003\0002\0000\000\040\000\050\000E\000v\000e\000n\000t\000\040\000C\000a\000m\000e\000r\000a\000\051}{section.3}% 18
\BOOKMARK [2][-]{subsection.3.5}{\376\377\000G\000a\000p\000\040\000A\000n\000a\000l\000y\000s\000i\000s}{section.3}% 19
\BOOKMARK [1][-]{section.4}{\376\377\000C\000o\000n\000t\000e\000n\000t\000-\000A\000d\000d\000r\000e\000s\000s\000a\000b\000l\000e\000\040\000S\000t\000r\000u\000c\000t\000u\000r\000a\000l\000\040\000M\000e\000m\000o\000r\000y\000\040\000\050\000K\000r\000i\000m\000e\000l\000a\000c\000k\000\051}{}% 20
\BOOKMARK [2][-]{subsection.4.1}{\376\377\000E\000x\000i\000s\000t\000i\000n\000g\000\040\000C\000A\000M\000\040\000T\000e\000c\000h\000n\000o\000l\000o\000g\000y}{section.4}% 21
\BOOKMARK [2][-]{subsection.4.2}{\376\377\000M\000e\000m\000r\000i\000s\000t\000o\000r\000\040\000H\000a\000b\000i\000t\000u\000a\000t\000i\000o\000n\000\040\000\050\000N\000a\000t\000u\000r\000e\000\040\000C\000o\000m\000m\000u\000n\000i\000c\000a\000t\000i\000o\000n\000s\000,\000\040\0002\0000\0002\0005\000\051}{section.4}% 22
\BOOKMARK [2][-]{subsection.4.3}{\376\377\000G\000a\000p\000\040\000A\000n\000a\000l\000y\000s\000i\000s}{section.4}% 23
\BOOKMARK [1][-]{section.5}{\376\377\000B\000a\000l\000a\000n\000c\000e\000d\000\040\000T\000e\000r\000n\000a\000r\000y\000\040\000A\000r\000i\000t\000h\000m\000e\000t\000i\000c\000\040\000\050\000M\000a\000t\000h\000L\000o\000o\000m\000\051}{}% 24
\BOOKMARK [2][-]{subsection.5.1}{\376\377\000R\000E\000B\000E\000L\000-\0002\000\040\000\050\000U\000S\000N\000\040\000G\000r\000o\000u\000p\000,\000\040\000T\000i\000n\000y\000\040\000T\000a\000p\000e\000o\000u\000t\000\040\0000\0005\000\051}{section.5}% 25
\BOOKMARK [2][-]{subsection.5.2}{\376\377\000G\000e\000o\000r\000g\000i\000a\000\040\000T\000e\000c\000h\000\040\000D\000i\000s\000c\000r\000e\000t\000e\000\040\000A\000L\000U\000\040\000\050\000L\000o\000u\000i\000s\000\040\000D\000u\000r\000e\000t\000-\000R\000o\000b\000e\000r\000t\000\051}{section.5}% 26
\BOOKMARK [2][-]{subsection.5.3}{\376\377\000M\000a\000t\000h\000L\000o\000o\000m\000\040\000U\000n\000i\000q\000u\000e\000\040\000C\000l\000a\000i\000m\000s}{section.5}% 27
\BOOKMARK [1][-]{section.6}{\376\377\000S\000t\000r\000u\000c\000t\000u\000r\000a\000l\000\040\000P\000e\000r\000c\000e\000p\000t\000i\000o\000n\000\040\000W\000i\000t\000h\000o\000u\000t\000\040\000M\000L}{}% 28
\BOOKMARK [2][-]{subsection.6.1}{\376\377\000H\000y\000p\000e\000r\000d\000i\000m\000e\000n\000s\000i\000o\000n\000a\000l\000\040\000C\000o\000m\000p\000u\000t\000i\000n\000g\000\040\000\050\000U\000C\000\040\000S\000a\000n\000\040\000D\000i\000e\000g\000o\000,\000\040\000U\000C\000\040\000B\000e\000r\000k\000e\000l\000e\000y\000,\000\040\000E\000T\000H\000\040\000Z\000u\000r\000i\000c\000h\000\051}{section.6}% 29
\BOOKMARK [2][-]{subsection.6.2}{\376\377\000T\000e\000r\000n\000a\000r\000y\000\040\000S\000p\000i\000k\000e\000-\000B\000a\000s\000e\000d\000\040\000S\000N\000N\000\040\000\050\000N\000e\000u\000r\000a\000l\000\040\000N\000e\000t\000w\000o\000r\000k\000s\000,\000\040\0002\0000\0002\0005\000\051}{section.6}% 30
\BOOKMARK [2][-]{subsection.6.3}{\376\377\000G\000a\000p\000\040\000A\000n\000a\000l\000y\000s\000i\000s}{section.6}% 31
\BOOKMARK [1][-]{section.7}{\376\377\000D\000e\000a\000d\000\040\000Z\000o\000n\000e\000\040\000/\000\040\000N\000u\000l\000l\000\040\000S\000t\000a\000t\000e\000\040\000C\000o\000m\000p\000u\000t\000i\000n\000g}{}% 32
\BOOKMARK [2][-]{subsection.7.1}{\376\377\000T\000h\000r\000e\000e\000-\000V\000a\000l\000u\000e\000d\000\040\000L\000o\000g\000i\000c}{section.7}% 33
\BOOKMARK [2][-]{subsection.7.2}{\376\377\000A\000r\000c\000L\000o\000o\000m\000\040\000D\000i\000s\000t\000i\000n\000c\000t\000i\000o\000n}{section.7}% 34
\BOOKMARK [1][-]{section.8}{\376\377\000S\000u\000m\000m\000a\000r\000y\000:\000\040\000W\000h\000a\000t\000\040\000A\000r\000c\000L\000o\000o\000m\000\040\000H\000a\000s\000\040\000T\000h\000a\000t\000\040\000N\000o\000b\000o\000d\000y\000\040\000E\000l\000s\000e\000\040\000H\000a\000s}{}% 35
\BOOKMARK [1][-]{section.9}{\376\377\000P\000o\000t\000e\000n\000t\000i\000a\000l\000\040\000A\000l\000l\000i\000e\000s\000\040\000/\000\040\000C\000o\000l\000l\000a\000b\000o\000r\000a\000t\000o\000r\000s}{}% 36
\BOOKMARK [1][-]{section.10}{\376\377\000A\000n\000t\000i\000c\000i\000p\000a\000t\000e\000d\000\040\000O\000b\000j\000e\000c\000t\000i\000o\000n\000s\000\040\000a\000n\000d\000\040\000R\000e\000s\000p\000o\000n\000s\000e\000s}{}% 37
\BOOKMARK [1][-]{section.11}{\376\377\000D\000S\000F\000-\000A\000I\000\040\000a\000s\000\040\000M\000L\000\040\000M\000o\000d\000e\000l\000\040\000A\000u\000d\000i\000t\000o\000r\000\040\000\050\000N\000e\000w\000\040\000C\000a\000p\000a\000b\000i\000l\000i\000t\000y\000,\000\040\000M\000a\000y\000\040\0002\0000\0002\0006\000\051}{}% 38
\BOOKMARK [2][-]{subsection.11.1}{\376\377\000D\000e\000m\000o\000n\000s\000t\000r\000a\000t\000i\000o\000n\000:\000\040\000C\000a\000t\000h\000o\000d\000e\000X\000\040\000M\000A\000C\000E\000\040\000E\000n\000s\000e\000m\000b\000l\000e\000\040\000A\000u\000d\000i\000t}{section.11}% 39
