\BOOKMARK [0][-]{part.1}{\376\377\000I\000\040\000T\000h\000e\000o\000r\000e\000t\000i\000c\000a\000l\000\040\000F\000o\000u\000n\000d\000a\000t\000i\000o\000n}{}% 1
\BOOKMARK [1][-]{section.1}{\376\377\000I\000n\000t\000r\000o\000d\000u\000c\000t\000i\000o\000n}{part.1}% 2
\BOOKMARK [2][-]{subsection.1.1}{\376\377\000D\000e\000s\000i\000g\000n\000\040\000P\000r\000i\000n\000c\000i\000p\000l\000e\000s}{section.1}% 3
\BOOKMARK [1][-]{section.2}{\376\377\000C\000o\000h\000e\000r\000e\000n\000c\000e\000\040\000F\000i\000e\000l\000d\000\040\000a\000n\000d\000\040\000A\000c\000t\000i\000o\000n}{part.1}% 4
\BOOKMARK [2][-]{subsection.2.1}{\376\377\000E\000q\000u\000a\000t\000i\000o\000n\000\040\000o\000f\000\040\000M\000o\000t\000i\000o\000n}{section.2}% 5
\BOOKMARK [2][-]{subsection.2.2}{\376\377\000C\000o\000n\000s\000e\000r\000v\000e\000d\000\040\000C\000u\000r\000r\000e\000n\000t\000s}{section.2}% 6
\BOOKMARK [1][-]{section.3}{\376\377\000I\000n\000t\000e\000r\000a\000c\000t\000i\000o\000n\000\040\000K\000e\000r\000n\000e\000l\000\040\000S\000y\000m\000m\000e\000t\000r\000y}{part.1}% 7
\BOOKMARK [1][-]{section.4}{\376\377\000C\000o\000r\000r\000e\000s\000p\000o\000n\000d\000e\000n\000c\000e\000\040\000P\000r\000o\000o\000f\000s}{part.1}% 8
\BOOKMARK [2][-]{subsection.4.1}{\376\377\000S\000c\000h\000r\000\366\000d\000i\000n\000g\000e\000r\000\040\000E\000q\000u\000a\000t\000i\000o\000n}{section.4}% 9
\BOOKMARK [2][-]{subsection.4.2}{\376\377\000C\000l\000a\000s\000s\000i\000c\000a\000l\000\040\000L\000i\000m\000i\000t\000\040\000\050\000N\000e\000w\000t\000o\000n\000/\000E\000h\000r\000e\000n\000f\000e\000s\000t\000\051}{section.4}% 10
\BOOKMARK [2][-]{subsection.4.3}{\376\377\000R\000e\000l\000a\000t\000i\000v\000i\000s\000t\000i\000c\000\040\000L\000i\000m\000i\000t}{section.4}% 11
\BOOKMARK [1][-]{section.5}{\376\377\000M\000e\000a\000s\000u\000r\000e\000m\000e\000n\000t\000:\000\040\000B\000o\000r\000n\000'\000s\000\040\000R\000u\000l\000e\000\040\000f\000r\000o\000m\000\040\000S\000t\000r\000u\000c\000t\000u\000r\000a\000l\000\040\000E\000x\000t\000r\000e\000m\000u\000m}{part.1}% 12
\BOOKMARK [1][-]{section.6}{\376\377\000S\000o\000l\000i\000t\000o\000n\000\040\000P\000a\000r\000t\000i\000c\000l\000e\000\040\000O\000n\000t\000o\000l\000o\000g\000y}{part.1}% 13
\BOOKMARK [2][-]{subsection.6.1}{\376\377\000S\000o\000l\000i\000t\000o\000n\000\040\000F\000o\000r\000m\000a\000t\000i\000o\000n}{section.6}% 14
\BOOKMARK [2][-]{subsection.6.2}{\376\377\000C\000o\000m\000p\000t\000o\000n\000\040\000W\000a\000v\000e\000l\000e\000n\000g\000t\000h\000\040\000C\000o\000r\000r\000e\000s\000p\000o\000n\000d\000e\000n\000c\000e}{section.6}% 15
\BOOKMARK [2][-]{subsection.6.3}{\376\377\000S\000t\000a\000b\000i\000l\000i\000t\000y\000\040\000\050\000N\000u\000m\000e\000r\000i\000c\000a\000l\000l\000y\000\040\000V\000e\000r\000i\000f\000i\000e\000d\000\051}{section.6}% 16
\BOOKMARK [2][-]{subsection.6.4}{\376\377\000P\000a\000r\000t\000i\000c\000l\000e\000\040\000O\000n\000t\000o\000l\000o\000g\000y}{section.6}% 17
\BOOKMARK [1][-]{section.7}{\376\377\000G\000r\000a\000v\000i\000t\000a\000t\000i\000o\000n\000a\000l\000\040\000W\000a\000v\000e\000s\000\040\000a\000n\000d\000\040\000V\000i\000r\000t\000u\000a\000l\000\040\000P\000a\000r\000t\000i\000c\000l\000e\000s}{part.1}% 18
\BOOKMARK [2][-]{subsection.7.1}{\376\377\000V\000a\000c\000u\000u\000m\000\040\000S\000t\000a\000t\000e}{section.7}% 19
\BOOKMARK [2][-]{subsection.7.2}{\376\377\000G\000r\000a\000v\000i\000t\000a\000t\000i\000o\000n\000a\000l\000\040\000W\000a\000v\000e\000\040\000a\000s\000\040\000M\000e\000t\000r\000i\000c\000\040\000P\000e\000r\000t\000u\000r\000b\000a\000t\000i\000o\000n}{section.7}% 20
\BOOKMARK [1][-]{section.8}{\376\377\000I\000n\000e\000l\000a\000s\000t\000i\000c\000\040\000S\000c\000a\000t\000t\000e\000r\000i\000n\000g\000\040\000a\000n\000d\000\040\000P\000a\000r\000t\000i\000c\000l\000e\000\040\000C\000r\000e\000a\000t\000i\000o\000n}{part.1}% 21
\BOOKMARK [1][-]{section.9}{\376\377\000N\000o\000n\000-\000A\000b\000e\000l\000i\000a\000n\000\040\000G\000a\000u\000g\000e\000\040\000F\000i\000e\000l\000d\000s\000\040\000a\000n\000d\000\040\000C\000o\000n\000f\000i\000n\000e\000m\000e\000n\000t}{part.1}% 22
\BOOKMARK [2][-]{subsection.9.1}{\376\377\000F\000l\000u\000x\000\040\000T\000u\000b\000e\000\040\000C\000o\000n\000f\000i\000n\000e\000m\000e\000n\000t\000\040\000\050\000N\000u\000m\000e\000r\000i\000c\000a\000l\000l\000y\000\040\000V\000e\000r\000i\000f\000i\000e\000d\000\051}{section.9}% 23
\BOOKMARK [1][-]{section.10}{\376\377\000F\000e\000r\000m\000i\000o\000n\000i\000c\000\040\000S\000t\000a\000t\000i\000s\000t\000i\000c\000s\000\040\000f\000r\000o\000m\000\040\000P\000h\000a\000s\000e\000\040\000A\000n\000t\000i\000s\000y\000m\000m\000e\000t\000r\000y}{part.1}% 24
\BOOKMARK [2][-]{subsection.10.1}{\376\377\000T\000h\000e\000\040\000E\000x\000c\000l\000u\000s\000i\000o\000n\000\040\000P\000r\000i\000n\000c\000i\000p\000l\000e}{section.10}% 25
\BOOKMARK [2][-]{subsection.10.2}{\376\377\000B\000o\000u\000n\000d\000\040\000S\000t\000a\000t\000e\000s\000\040\000\050\000N\000u\000m\000e\000r\000i\000c\000a\000l\000l\000y\000\040\000V\000e\000r\000i\000f\000i\000e\000d\000\051}{section.10}% 26
\BOOKMARK [0][-]{part.2}{\376\377\000I\000I\000\040\000D\000e\000r\000i\000v\000e\000d\000\040\000C\000o\000n\000s\000t\000a\000n\000t\000s\000\040\000a\000n\000d\000\040\000E\000m\000e\000r\000g\000e\000n\000t\000\040\000S\000p\000a\000c\000e\000t\000i\000m\000e}{}% 27
\BOOKMARK [1][-]{section.11}{\376\377\000T\000h\000e\000\040\000F\000i\000n\000e\000\040\000S\000t\000r\000u\000c\000t\000u\000r\000e\000\040\000C\000o\000n\000s\000t\000a\000n\000t}{part.2}% 28
\BOOKMARK [2][-]{subsection.11.1}{\376\377\000\040\000f\000r\000o\000m\000\040\0003\000D\000\040\000S\000o\000l\000i\000t\000o\000n\000\040\000S\000t\000a\000b\000i\000l\000i\000t\000y}{section.11}% 29
\BOOKMARK [2][-]{subsection.11.2}{\376\377\000T\000h\000r\000e\000e\000\040\000S\000e\000l\000f\000-\000C\000o\000n\000s\000i\000s\000t\000e\000n\000c\000y\000\040\000C\000o\000n\000d\000i\000t\000i\000o\000n\000s}{section.11}% 30
\BOOKMARK [2][-]{subsection.11.3}{\376\377\000W\000h\000y\000\040\000E\000x\000a\000c\000t\000l\000y\000\040\000T\000h\000r\000e\000e\000\040\000D\000i\000m\000e\000n\000s\000i\000o\000n\000s}{section.11}% 31
\BOOKMARK [1][-]{section.12}{\376\377\000C\000o\000n\000n\000e\000c\000t\000e\000d\000\040\000C\000o\000n\000s\000t\000a\000n\000t\000s}{part.2}% 32
\BOOKMARK [2][-]{subsection.12.1}{\376\377\000T\000h\000e\000\040\000S\000p\000e\000e\000d\000\040\000o\000f\000\040\000L\000i\000g\000h\000t}{section.12}% 33
\BOOKMARK [2][-]{subsection.12.2}{\376\377\000T\000h\000e\000\040\000C\000o\000s\000m\000o\000l\000o\000g\000i\000c\000a\000l\000\040\000C\000o\000n\000s\000t\000a\000n\000t}{section.12}% 34
\BOOKMARK [1][-]{section.13}{\376\377\000E\000m\000e\000r\000g\000e\000n\000t\000\040\000S\000p\000a\000c\000e\000t\000i\000m\000e}{part.2}% 35
\BOOKMARK [2][-]{subsection.13.1}{\376\377\000C\000o\000t\000t\000o\000n\000\040\000C\000a\000n\000d\000y\000\040\000D\000i\000s\000s\000o\000l\000u\000t\000i\000o\000n}{section.13}% 36
\BOOKMARK [2][-]{subsection.13.2}{\376\377\000E\000m\000e\000r\000g\000e\000n\000t\000\040\000G\000r\000a\000v\000i\000t\000y\000\040\000f\000r\000o\000m\000\040\000D\000e\000n\000s\000i\000t\000y\000\040\000G\000r\000a\000d\000i\000e\000n\000t}{section.13}% 37
\BOOKMARK [2][-]{subsection.13.3}{\376\377\000T\000h\000e\000\040\000C\000o\000h\000e\000r\000e\000n\000c\000e\000\040\000M\000e\000t\000r\000i\000c}{section.13}% 38
\BOOKMARK [2][-]{subsection.13.4}{\376\377\000G\000R\000\040\000C\000o\000r\000r\000e\000s\000p\000o\000n\000d\000e\000n\000c\000e}{section.13}% 39
\BOOKMARK [0][-]{part.3}{\376\377\000I\000I\000I\000\040\000T\000h\000e\000\040\000G\000e\000o\000m\000e\000t\000r\000i\000c\000\040\000C\000o\000u\000p\000l\000i\000n\000g\000\040\000L\000a\000w}{}% 40
\BOOKMARK [1][-]{section.14}{\376\377\000T\000h\000e\000\040\000U\000n\000i\000f\000y\000i\000n\000g\000\040\000E\000q\000u\000a\000t\000i\000o\000n}{part.3}% 41
\BOOKMARK [1][-]{section.15}{\376\377\000F\000i\000v\000e\000\040\000U\000n\000i\000f\000i\000e\000d\000\040\000S\000y\000s\000t\000e\000m\000s}{part.3}% 42
\BOOKMARK [2][-]{subsection.15.1}{\376\377\000S\000y\000s\000t\000e\000m\000\040\0001\000:\000\040\000C\000o\000o\000p\000e\000r\000\040\000P\000a\000i\000r\000\040\000M\000a\000s\000s\000\040\000\050\000T\000a\000t\000e\000\040\0001\0009\0008\0009\000\051}{section.15}% 43
\BOOKMARK [2][-]{subsection.15.2}{\376\377\000S\000y\000s\000t\000e\000m\000\040\0002\000:\000\040\000T\000a\000j\000m\000a\000r\000\040\000A\000n\000o\000m\000a\000l\000o\000u\000s\000\040\000A\000c\000c\000e\000l\000e\000r\000a\000t\000i\000o\000n\000\040\000\050\0002\0000\0000\0006\000\051}{section.15}% 44
\BOOKMARK [2][-]{subsection.15.3}{\376\377\000S\000y\000s\000t\000e\000m\000\040\0003\000:\000\040\000L\000o\000n\000d\000o\000n\000\040\000M\000o\000m\000e\000n\000t\000\040\000\050\0002\0004\000\040\000M\000a\000t\000e\000r\000i\000a\000l\000s\000\051}{section.15}% 45
\BOOKMARK [2][-]{subsection.15.4}{\376\377\000S\000y\000s\000t\000e\000m\000\040\0004\000:\000\040\000P\000u\000l\000s\000a\000r\000\040\000G\000l\000i\000t\000c\000h\000\040\000G\000e\000o\000m\000e\000t\000r\000y}{section.15}% 46
\BOOKMARK [2][-]{subsection.15.5}{\376\377\000S\000y\000s\000t\000e\000m\000\040\0005\000:\000\040\000M\000u\000o\000n\000\040\000g\000-\0002\000\040\000M\000e\000a\000s\000u\000r\000e\000m\000e\000n\000t\000\040\000G\000e\000o\000m\000e\000t\000r\000y}{section.15}% 47
\BOOKMARK [2][-]{subsection.15.6}{\376\377\000U\000n\000i\000f\000i\000c\000a\000t\000i\000o\000n\000\040\000S\000u\000m\000m\000a\000r\000y}{section.15}% 48
\BOOKMARK [0][-]{part.4}{\376\377\000I\000V\000\040\000N\000a\000n\000o\000p\000a\000r\000t\000i\000c\000l\000e\000\040\000Q\000u\000a\000n\000t\000i\000t\000a\000t\000i\000v\000e\000\040\000T\000h\000e\000o\000r\000y}{}% 49
\BOOKMARK [1][-]{section.16}{\376\377\000T\000h\000e\000\040\000I\000c\000o\000s\000a\000h\000e\000d\000r\000a\000l\000\040\000F\000r\000u\000s\000t\000r\000a\000t\000i\000o\000n\000\040\000A\000n\000g\000l\000e}{part.4}% 50
\BOOKMARK [1][-]{section.17}{\376\377\000V\000a\000l\000i\000d\000a\000t\000i\000o\000n\000:\000\040\0006\0003\000\040\000P\000r\000e\000d\000i\000c\000t\000i\000o\000n\000s\000,\000\040\0006\000.\0005\000\045\000\040\000A\000v\000e\000r\000a\000g\000e\000\040\000E\000r\000r\000o\000r}{part.4}% 51
\BOOKMARK [2][-]{subsection.17.1}{\376\377\000K\000e\000y\000\040\000R\000e\000s\000u\000l\000t\000s}{section.17}% 52
\BOOKMARK [2][-]{subsection.17.2}{\376\377\000K\000e\000y\000\040\000F\000o\000r\000m\000u\000l\000a\000s}{section.17}% 53
\BOOKMARK [0][-]{part.5}{\376\377\000V\000\040\000A\000p\000p\000l\000i\000e\000d\000\040\000P\000h\000y\000s\000i\000c\000s}{}% 54
\BOOKMARK [1][-]{section.18}{\376\377\000S\000u\000p\000e\000r\000c\000o\000n\000d\000u\000c\000t\000o\000r\000\040\000D\000e\000s\000i\000g\000n\000:\000\040\000C\000u\0003\000O\0002\000\040\000K\000a\000g\000o\000m\000e}{part.5}% 55
\BOOKMARK [2][-]{subsection.18.1}{\376\377\000T\000h\000e\000\040\000D\000o\000-\000S\000i\000-\000D\000o\000\040\000M\000e\000c\000h\000a\000n\000i\000s\000m}{section.18}% 56
\BOOKMARK [2][-]{subsection.18.2}{\376\377\000F\000r\000u\000s\000t\000r\000a\000t\000i\000o\000n\000\040\000C\000a\000s\000c\000a\000d\000e\000\040\000\050\000U\000F\000C\000P\000\040\000C\000o\000r\000r\000e\000c\000t\000i\000o\000n\000\051}{section.18}% 57
\BOOKMARK [2][-]{subsection.18.3}{\376\377\000B\000l\000i\000n\000d\000\040\000P\000r\000e\000d\000i\000c\000t\000i\000o\000n\000s\000\040\000\050\000S\000e\000a\000l\000e\000d\000\040\000A\000p\000r\000i\000l\000\040\0002\0009\000,\000\040\0002\0000\0002\0006\000\051}{section.18}% 58
\BOOKMARK [1][-]{section.19}{\376\377\000G\000r\000a\000v\000i\000t\000a\000t\000i\000o\000n\000a\000l\000\040\000P\000h\000a\000s\000e\000\040\000C\000o\000u\000p\000l\000i\000n\000g\000\040\000\050\000C\000-\000F\000i\000e\000l\000d\000\051}{part.5}% 59
\BOOKMARK [2][-]{subsection.19.1}{\376\377\000T\000h\000e\000\040\000C\000r\000o\000s\000s\000-\000T\000e\000r\000m\000\040\000M\000e\000c\000h\000a\000n\000i\000s\000m}{section.19}% 60
\BOOKMARK [2][-]{subsection.19.2}{\376\377\000F\000o\000r\000c\000e\000\040\000B\000u\000d\000g\000e\000t}{section.19}% 61
\BOOKMARK [2][-]{subsection.19.3}{\376\377\000E\000x\000p\000e\000r\000i\000m\000e\000n\000t\000a\000l\000\040\000V\000a\000l\000i\000d\000a\000t\000i\000o\000n}{section.19}% 62
\BOOKMARK [2][-]{subsection.19.4}{\376\377\000D\000e\000v\000i\000c\000e\000\040\000C\000o\000n\000c\000e\000p\000t\000:\000\040\000C\000a\000r\000g\000o\000\040\000P\000a\000l\000l\000e\000t}{section.19}% 63
\BOOKMARK [1][-]{section.20}{\376\377\000C\000o\000n\000d\000e\000n\000s\000a\000t\000e\000-\000M\000e\000d\000i\000a\000t\000e\000d\000\040\000F\000u\000s\000i\000o\000n\000\040\000\050\000C\000M\000F\000\051}{part.5}% 64
\BOOKMARK [2][-]{subsection.20.1}{\376\377\000T\000h\000e\000\040\000W\000-\000K\000e\000r\000n\000e\000l\000\040\000R\000a\000n\000g\000e\000\040\000E\000x\000t\000e\000n\000s\000i\000o\000n}{section.20}% 65
\BOOKMARK [2][-]{subsection.20.2}{\376\377\000C\000o\000h\000e\000r\000e\000n\000t\000\040\000C\000a\000g\000e\000\040\000E\000n\000h\000a\000n\000c\000e\000m\000e\000n\000t}{section.20}% 66
\BOOKMARK [2][-]{subsection.20.3}{\376\377\000O\000p\000t\000i\000m\000a\000l\000\040\000F\000u\000e\000l\000:\000\040\000H\000D\000\040\000M\000o\000l\000e\000c\000u\000l\000e\000s}{section.20}% 67
\BOOKMARK [2][-]{subsection.20.4}{\376\377\000D\000r\000e\000a\000m\000\040\000C\000o\000n\000f\000i\000g\000u\000r\000a\000t\000i\000o\000n}{section.20}% 68
\BOOKMARK [0][-]{part.6}{\376\377\000V\000I\000\040\000E\000x\000p\000e\000r\000i\000m\000e\000n\000t\000a\000l\000\040\000V\000a\000l\000i\000d\000a\000t\000i\000o\000n}{}% 69
\BOOKMARK [1][-]{section.21}{\376\377\000C\000o\000m\000p\000l\000e\000t\000e\000\040\000T\000e\000s\000t\000\040\000R\000e\000c\000o\000r\000d}{part.6}% 70
\BOOKMARK [2][-]{subsection.21.1}{\376\377\000C\000a\000t\000e\000g\000o\000r\000y\000\040\0001\000:\000\040\000F\000o\000u\000n\000d\000a\000t\000i\000o\000n\000\040\000\050\000T\000e\000s\000t\000s\000\040\0001\040\023\0003\0001\000\051}{section.21}% 71
\BOOKMARK [2][-]{subsection.21.2}{\376\377\000C\000a\000t\000e\000g\000o\000r\000y\000\040\0002\000:\000\040\000N\000u\000c\000l\000e\000a\000r\000\040\000\046\000\040\000P\000a\000r\000t\000i\000c\000l\000e\000\040\000\050\000T\000e\000s\000t\000s\000\040\0003\0002\040\023\0003\0009\000\051}{section.21}% 72
\BOOKMARK [2][-]{subsection.21.3}{\376\377\000C\000a\000t\000e\000g\000o\000r\000y\000\040\0003\000:\000\040\000T\000h\000e\000o\000r\000e\000t\000i\000c\000a\000l\000\040\000S\000t\000r\000u\000c\000t\000u\000r\000e\000\040\000\050\000T\000e\000s\000t\000s\000\040\0004\0000\040\023\0004\0002\000\051}{section.21}% 73
\BOOKMARK [2][-]{subsection.21.4}{\376\377\000C\000a\000t\000e\000g\000o\000r\000y\000\040\0004\000:\000\040\000Q\000u\000a\000n\000t\000u\000m\000\040\000\046\000\040\000C\000h\000a\000o\000s\000\040\000\050\000T\000e\000s\000t\000s\000\040\0004\0003\040\023\0005\0003\000\051}{section.21}% 74
\BOOKMARK [2][-]{subsection.21.5}{\376\377\000C\000a\000t\000e\000g\000o\000r\000y\000\040\0005\000:\000\040\000M\000a\000t\000e\000r\000i\000a\000l\000s\000\040\000\050\000T\000e\000s\000t\000s\000\040\0005\0004\040\023\0007\0008\000\051}{section.21}% 75
\BOOKMARK [2][-]{subsection.21.6}{\376\377\000C\000a\000t\000e\000g\000o\000r\000y\000\040\0006\000:\000\040\000A\000s\000t\000r\000o\000n\000o\000m\000y\000\040\000\050\000T\000e\000s\000t\000\040\0007\0009\000\051}{section.21}% 76
\BOOKMARK [2][-]{subsection.21.7}{\376\377\000C\000a\000t\000e\000g\000o\000r\000y\000\040\0007\000:\000\040\000U\000n\000i\000f\000i\000c\000a\000t\000i\000o\000n\000\040\000\050\000T\000e\000s\000t\000s\000\040\0008\0000\040\023\0008\0004\000\051}{section.21}% 77
\BOOKMARK [2][-]{subsection.21.8}{\376\377\000C\000a\000t\000e\000g\000o\000r\000y\000\040\0008\000:\000\040\000H\000a\000r\000d\000w\000a\000r\000e\000\040\000\050\000T\000e\000s\000t\000s\000\040\0008\0005\040\023\0008\0008\000\051}{section.21}% 78
\BOOKMARK [2][-]{subsection.21.9}{\376\377\000C\000a\000t\000e\000g\000o\000r\000y\000\040\0009\000:\000\040\000N\000a\000n\000o\000p\000a\000r\000t\000i\000c\000l\000e\000\040\000T\000h\000e\000o\000r\000y\000\040\000\050\000T\000e\000s\000t\000s\000\040\0008\0009\040\023\0001\0005\0001\000\051}{section.21}% 79
\BOOKMARK [2][-]{subsection.21.10}{\376\377\000R\000e\000t\000r\000o\000a\000c\000t\000i\000v\000e\000\040\000V\000a\000l\000i\000d\000a\000t\000i\000o\000n\000\040\000A\000g\000a\000i\000n\000s\000t\000\040\000P\000u\000b\000l\000i\000s\000h\000e\000d\000\040\000D\000a\000t\000a}{section.21}% 80
\BOOKMARK [0][-]{part.7}{\376\377\000V\000I\000I\000\040\000P\000r\000e\000d\000i\000c\000t\000i\000o\000n\000s\000\040\000a\000n\000d\000\040\000F\000a\000i\000l\000u\000r\000e\000\040\000C\000o\000n\000d\000i\000t\000i\000o\000n\000s}{}% 81
\BOOKMARK [1][-]{section.22}{\376\377\000N\000e\000w\000\040\000P\000r\000e\000d\000i\000c\000t\000i\000o\000n\000s\000\040\000B\000e\000y\000o\000n\000d\000\040\000S\000t\000a\000n\000d\000a\000r\000d\000\040\000T\000h\000e\000o\000r\000y}{part.7}% 82
\BOOKMARK [1][-]{section.23}{\376\377\000F\000a\000i\000l\000u\000r\000e\000\040\000C\000o\000n\000d\000i\000t\000i\000o\000n\000s}{part.7}% 83
\BOOKMARK [0][-]{part.8}{\376\377\000V\000I\000I\000I\000\040\000C\000o\000s\000m\000o\000l\000o\000g\000i\000c\000a\000l\000\040\000I\000m\000p\000l\000i\000c\000a\000t\000i\000o\000n\000s}{}% 84
\BOOKMARK [1][-]{section.24}{\376\377\000D\000a\000r\000k\000\040\000E\000n\000e\000r\000g\000y}{part.8}% 85
\BOOKMARK [1][-]{section.25}{\376\377\000S\000t\000r\000u\000c\000t\000u\000r\000e\000\040\000F\000o\000r\000m\000a\000t\000i\000o\000n\000\040\000a\000n\000d\000\040\000B\000r\000a\000n\000e\000\040\000P\000r\000e\000s\000s\000u\000r\000e}{part.8}% 86
\BOOKMARK [1][-]{section.26}{\376\377\000B\000a\000r\000y\000o\000n\000\040\000A\000s\000y\000m\000m\000e\000t\000r\000y}{part.8}% 87
\BOOKMARK [0][-]{part.9}{\376\377\000I\000X\000\040\000D\000o\000c\000u\000m\000e\000n\000t\000\040\000I\000n\000d\000e\000x\000\040\000a\000n\000d\000\040\000V\000e\000r\000s\000i\000o\000n\000\040\000H\000i\000s\000t\000o\000r\000y}{}% 88
\BOOKMARK [1][-]{section.27}{\376\377\000S\000o\000u\000r\000c\000e\000\040\000D\000o\000c\000u\000m\000e\000n\000t\000\040\000I\000n\000d\000e\000x}{part.9}% 89
\BOOKMARK [1][-]{section.28}{\376\377\000V\000a\000l\000i\000d\000a\000t\000i\000o\000n\000\040\000S\000c\000r\000i\000p\000t\000s\000\040\000I\000n\000d\000e\000x}{part.9}% 90
\BOOKMARK [1][-]{section.29}{\376\377\000V\000e\000r\000s\000i\000o\000n\000\040\000H\000i\000s\000t\000o\000r\000y}{part.9}% 91
